<?xml version="1.0" encoding="utf-8"?><testsuites name="pytest tests"><testsuite name="pytest" errors="0" failures="0" skipped="0" tests="17" time="8.609" timestamp="2026-03-16T18:53:26.442572+00:00" hostname="agent-env-14daf604-9f62-43f4-a21e-4a6496762aad"><testcase classname="tests.test_ticket_workflow.TestAuthentication" name="test_admin_login" time="0.544" /><testcase classname="tests.test_ticket_workflow.TestAuthentication" name="test_technician_login" time="0.362" /><testcase classname="tests.test_ticket_workflow.TestAuthentication" name="test_accounting_login" time="0.399" /><testcase classname="tests.test_ticket_workflow.TestCloudinarySignature" name="test_signature_for_image" time="0.545" /><testcase classname="tests.test_ticket_workflow.TestCloudinarySignature" name="test_signature_for_video" time="0.514" /><testcase classname="tests.test_ticket_workflow.TestCloudinarySignature" name="test_signature_for_raw_pdf" time="0.501" /><testcase classname="tests.test_ticket_workflow.TestTicketAccess" name="test_technician_sees_assigned_tickets" time="0.496" /><testcase classname="tests.test_ticket_workflow.TestTicketAccess" name="test_admin_sees_all_tickets" time="0.550" /><testcase classname="tests.test_ticket_workflow.TestTicketAccess" name="test_accounting_sees_all_tickets" time="0.492" /><testcase classname="tests.test_ticket_workflow.TestJobCardUpload" name="test_jobcard_upload_by_technician" time="0.498" /><testcase classname="tests.test_ticket_workflow.TestJobCardUpload" name="test_jobcard_upload_unauthorized_by_accounting" time="0.537" /><testcase classname="tests.test_ticket_workflow.TestInvoiceUpload" name="test_invoice_upload_by_accounting" time="0.504" /><testcase classname="tests.test_ticket_workflow.TestInvoiceUpload" name="test_invoice_upload_unauthorized_by_technician" time="0.479" /><testcase classname="tests.test_ticket_workflow.TestAdminTicketManagement" name="test_admin_can_update_ticket_status" time="0.541" /><testcase classname="tests.test_ticket_workflow.TestAdminTicketManagement" name="test_admin_can_assign_technician" time="0.609" /><testcase classname="tests.test_ticket_workflow.TestAdminTicketManagement" name="test_admin_can_schedule_ticket" time="0.487" /><testcase classname="tests.test_ticket_workflow.TestVerifyUpdates" name="test_ticket_final_state" time="0.479" /></testsuite></testsuites>