<?xml version="1.0" encoding="utf-8"?><testsuites name="pytest tests"><testsuite name="pytest" errors="0" failures="0" skipped="0" tests="18" time="5.206" timestamp="2026-03-16T22:32:34.371784+00:00" hostname="agent-env-14daf604-9f62-43f4-a21e-4a6496762aad"><testcase classname="backend.tests.test_sla_feature.TestSLAPlans" name="test_get_sla_plans_returns_3_plans" time="0.184" /><testcase classname="backend.tests.test_sla_feature.TestSLAPlans" name="test_silver_plan_price_1000_zar" time="0.181" /><testcase classname="backend.tests.test_sla_feature.TestSLAPlans" name="test_gold_plan_price_1250_zar" time="0.155" /><testcase classname="backend.tests.test_sla_feature.TestSLAPlans" name="test_platinum_plan_price_1500_zar" time="0.175" /><testcase classname="backend.tests.test_sla_feature.TestSLAPlans" name="test_plans_have_price_display_format" time="0.136" /><testcase classname="backend.tests.test_sla_feature.TestSLAManualAssign" name="test_admin_can_manual_assign_silver" time="0.501" /><testcase classname="backend.tests.test_sla_feature.TestSLAManualAssign" name="test_admin_can_manual_assign_gold" time="0.118" /><testcase classname="backend.tests.test_sla_feature.TestSLAManualAssign" name="test_admin_can_manual_assign_platinum" time="0.160" /><testcase classname="backend.tests.test_sla_feature.TestSLAManualAssign" name="test_non_admin_cannot_manual_assign" time="1.136" /><testcase classname="backend.tests.test_sla_feature.TestSLAManualAssign" name="test_invalid_plan_returns_400" time="0.127" /><testcase classname="backend.tests.test_sla_feature.TestSLASubscribe" name="test_subscribe_creates_checkout_session" time="0.778" /><testcase classname="backend.tests.test_sla_feature.TestSLASubscribe" name="test_subscribe_invalid_plan_returns_400" time="0.224" /><testcase classname="backend.tests.test_sla_feature.TestSLASubscriptions" name="test_admin_sees_all_subscriptions" time="0.288" /><testcase classname="backend.tests.test_sla_feature.TestSLASubscriptions" name="test_store_staff_sees_own_subscriptions" time="0.118" /><testcase classname="backend.tests.test_sla_feature.TestSLASubscriptionUpdate" name="test_admin_can_cancel_subscription" time="0.253" /><testcase classname="backend.tests.test_sla_feature.TestSLASubscriptionUpdate" name="test_non_admin_cannot_update_subscription" time="0.263" /><testcase classname="backend.tests.test_sla_feature.TestSLAPayments" name="test_admin_can_view_payments" time="0.197" /><testcase classname="backend.tests.test_sla_feature.TestSLAPayments" name="test_non_admin_cannot_view_payments" time="0.123" /></testsuite></testsuites>